21:56:18 **** Incremental Build of configuration Default for project Template ****
make all 
CC -I../include -I../src opcontrol.c
opcontrol.c: In function 'doJoysticksP1':
opcontrol.c:862:12: warning: variable 'r' set but not used [-Wunused-but-set-variable]
opcontrol.c:862:10: warning: variable 'l' set but not used [-Wunused-but-set-variable]
LN ./bin/auto.o ./bin/botMath.o ./bin/init.o ./bin/interpolate.o ./bin/motorSubroutines.o ./bin/opcontrol.o ./bin/statedMotorSubroutines.o ./firmware/libccos.a -lgcc -lm to bin/output.elf
./bin/opcontrol.o: In function `v2Distance':
opcontrol.c:(.text.v2Distance+0x0): multiple definition of `v2Distance'
./bin/botMath.o:botMath.c:(.text.v2Distance+0x0): first defined here
./bin/statedMotorSubroutines.o: In function `driveForward':
statedMotorSubroutines.c:(.text.driveForward+0x0): multiple definition of `driveForward'
./bin/motorSubroutines.o:motorSubroutines.c:(.text.driveForward+0x0): first defined here
./bin/statedMotorSubroutines.o: In function `driveBack':
statedMotorSubroutines.c:(.text.driveBack+0x0): multiple definition of `driveBack'
./bin/motorSubroutines.o:motorSubroutines.c:(.text.driveBack+0x0): first defined here
./bin/statedMotorSubroutines.o: In function `turnRight':
statedMotorSubroutines.c:(.text.turnRight+0x0): multiple definition of `turnRight'
./bin/motorSubroutines.o:motorSubroutines.c:(.text.turnRight+0x0): first defined here
./bin/statedMotorSubroutines.o: In function `turnLeft':
statedMotorSubroutines.c:(.text.turnLeft+0x0): multiple definition of `turnLeft'
./bin/motorSubroutines.o:motorSubroutines.c:(.text.turnLeft+0x0): first defined here
./bin/statedMotorSubroutines.o: In function `turnRightSlowDead':
statedMotorSubroutines.c:(.text.turnRightSlowDead+0x0): multiple definition of `turnRightSlowDead'
./bin/motorSubroutines.o:motorSubroutines.c:(.text.turnRightSlowDead+0x0): first defined here
./bin/statedMotorSubroutines.o: In function `turnLeftSlowDead':
statedMotorSubroutines.c:(.text.turnLeftSlowDead+0x0): multiple definition of `turnLeftSlowDead'
./bin/motorSubroutines.o:motorSubroutines.c:(.text.turnLeftSlowDead+0x0): first defined here
./bin/statedMotorSubroutines.o: In function `turnLeftArc':
statedMotorSubroutines.c:(.text.turnLeftArc+0x0): multiple definition of `turnLeftArc'
./bin/motorSubroutines.o:motorSubroutines.c:(.text.turnLeftArc+0x0): first defined here
./bin/statedMotorSubroutines.o: In function `turnRightArc':
statedMotorSubroutines.c:(.text.turnRightArc+0x0): multiple definition of `turnRightArc'
./bin/motorSubroutines.o:motorSubroutines.c:(.text.turnRightArc+0x0): first defined here
./bin/statedMotorSubroutines.o: In function `stopDrive':
statedMotorSubroutines.c:(.text.stopDrive+0x0): multiple definition of `stopDrive'
./bin/motorSubroutines.o:motorSubroutines.c:(.text.stopDrive+0x0): first defined here
./bin/statedMotorSubroutines.o: In function `stopAll':
statedMotorSubroutines.c:(.text.stopAll+0x0): multiple definition of `stopAll'
./bin/motorSubroutines.o:motorSubroutines.c:(.text.stopAll+0x0): first defined here
./bin/statedMotorSubroutines.o: In function `stopIntake':
statedMotorSubroutines.c:(.text.stopIntake+0x0): multiple definition of `stopIntake'
./bin/motorSubroutines.o:motorSubroutines.c:(.text.stopIntake+0x0): first defined here
./bin/statedMotorSubroutines.o: In function `driveForwardDead':
statedMotorSubroutines.c:(.text.driveForwardDead+0x0): multiple definition of `driveForwardDead'
./bin/motorSubroutines.o:motorSubroutines.c:(.text.driveForwardDead+0x0): first defined here
./bin/statedMotorSubroutines.o: In function `driveBackDead':
statedMotorSubroutines.c:(.text.driveBackDead+0x0): multiple definition of `driveBackDead'
./bin/motorSubroutines.o:motorSubroutines.c:(.text.driveBackDead+0x0): first defined here
./bin/statedMotorSubroutines.o: In function `driveForwardSlow':
statedMotorSubroutines.c:(.text.driveForwardSlow+0x0): multiple definition of `driveForwardSlow'
./bin/motorSubroutines.o:motorSubroutines.c:(.text.driveForwardSlow+0x0): first defined here
./bin/statedMotorSubroutines.o: In function `driveBackSlow':
statedMotorSubroutines.c:(.text.driveBackSlow+0x0): multiple definition of `driveBackSlow'
./bin/motorSubroutines.o:motorSubroutines.c:(.text.driveBackSlow+0x0): first defined here
./bin/statedMotorSubroutines.o: In function `driveForwardSlowDead':
statedMotorSubroutines.c:(.text.driveForwardSlowDead+0x0): multiple definition of `driveForwardSlowDead'
./bin/motorSubroutines.o:motorSubroutines.c:(.text.driveForwardSlowDead+0x0): first defined here
./bin/statedMotorSubroutines.o: In function `driveBackSlowDead':
statedMotorSubroutines.c:(.text.driveBackSlowDead+0x0): multiple definition of `driveBackSlowDead'
./bin/motorSubroutines.o:motorSubroutines.c:(.text.driveBackSlowDead+0x0): first defined here
./bin/statedMotorSubroutines.o: In function `scrapeRight':
statedMotorSubroutines.c:(.text.scrapeRight+0x0): multiple definition of `scrapeRight'
./bin/motorSubroutines.o:motorSubroutines.c:(.text.scrapeRight+0x0): first defined here
./bin/statedMotorSubroutines.o: In function `scrapeLeft':
statedMotorSubroutines.c:(.text.scrapeLeft+0x0): multiple definition of `scrapeLeft'
./bin/motorSubroutines.o:motorSubroutines.c:(.text.scrapeLeft+0x0): first defined here
./bin/statedMotorSubroutines.o: In function `scrapeLeftBack':
statedMotorSubroutines.c:(.text.scrapeLeftBack+0x0): multiple definition of `scrapeLeftBack'
./bin/motorSubroutines.o:motorSubroutines.c:(.text.scrapeLeftBack+0x0): first defined here
./bin/statedMotorSubroutines.o: In function `scrapeRightBack':
statedMotorSubroutines.c:(.text.scrapeRightBack+0x0): multiple definition of `scrapeRightBack'
./bin/motorSubroutines.o:motorSubroutines.c:(.text.scrapeRightBack+0x0): first defined here
./bin/statedMotorSubroutines.o: In function `forwardDetect':
statedMotorSubroutines.c:(.text.forwardDetect+0x0): multiple definition of `forwardDetect'
./bin/motorSubroutines.o:motorSubroutines.c:(.text.forwardDetect+0x0): first defined here
./bin/statedMotorSubroutines.o: In function `backDetect':
statedMotorSubroutines.c:(.text.backDetect+0x0): multiple definition of `backDetect'
./bin/motorSubroutines.o:motorSubroutines.c:(.text.backDetect+0x0): first defined here
./bin/statedMotorSubroutines.o: In function `armUpDead':
statedMotorSubroutines.c:(.text.armUpDead+0x0): multiple definition of `armUpDead'
./bin/motorSubroutines.o:motorSubroutines.c:(.text.armUpDead+0x0): first defined here
./bin/statedMotorSubroutines.o: In function `armDownDead':
statedMotorSubroutines.c:(.text.armDownDead+0x0): multiple definition of `armDownDead'
./bin/motorSubroutines.o:motorSubroutines.c:(.text.armDownDead+0x0): first defined here
./bin/statedMotorSubroutines.o: In function `armUpTrim':
statedMotorSubroutines.c:(.text.armUpTrim+0x0): multiple definition of `armUpTrim'
./bin/motorSubroutines.o:motorSubroutines.c:(.text.armUpTrim+0x0): first defined here
./bin/statedMotorSubroutines.o: In function `armUp':
statedMotorSubroutines.c:(.text.armUp+0x0): multiple definition of `armUp'
./bin/motorSubroutines.o:motorSubroutines.c:(.text.armUp+0x0): first defined here
./bin/statedMotorSubroutines.o: In function `armDownTrim':
statedMotorSubroutines.c:(.text.armDownTrim+0x0): multiple definition of `armDownTrim'
./bin/motorSubroutines.o:motorSubroutines.c:(.text.armDownTrim+0x0): first defined here
./bin/statedMotorSubroutines.o: In function `armDown':
statedMotorSubroutines.c:(.text.armDown+0x0): multiple definition of `armDown'
./bin/motorSubroutines.o:motorSubroutines.c:(.text.armDown+0x0): first defined here
./bin/statedMotorSubroutines.o: In function `stopArm':
statedMotorSubroutines.c:(.text.stopArm+0x0): multiple definition of `stopArm'
./bin/motorSubroutines.o:motorSubroutines.c:(.text.stopArm+0x0): first defined here
./bin/statedMotorSubroutines.o: In function `intake':
statedMotorSubroutines.c:(.text.intake+0x0): multiple definition of `intake'
./bin/motorSubroutines.o:motorSubroutines.c:(.text.intake+0x0): first defined here
./bin/statedMotorSubroutines.o: In function `outtake':
statedMotorSubroutines.c:(.text.outtake+0x0): multiple definition of `outtake'
./bin/motorSubroutines.o:motorSubroutines.c:(.text.outtake+0x0): first defined here
./bin/statedMotorSubroutines.o: In function `intakeDead':
statedMotorSubroutines.c:(.text.intakeDead+0x0): multiple definition of `intakeDead'
./bin/motorSubroutines.o:motorSubroutines.c:(.text.intakeDead+0x0): first defined here
./bin/statedMotorSubroutines.o: In function `outtakeDead':
statedMotorSubroutines.c:(.text.outtakeDead+0x0): multiple definition of `outtakeDead'
./bin/motorSubroutines.o:motorSubroutines.c:(.text.outtakeDead+0x0): first defined here
./bin/statedMotorSubroutines.o: In function `findLineRight':
statedMotorSubroutines.c:(.text.findLineRight+0x0): multiple definition of `findLineRight'
./bin/motorSubroutines.o:motorSubroutines.c:(.text.findLineRight+0x0): first defined here
./bin/statedMotorSubroutines.o: In function `findLineLeft':
statedMotorSubroutines.c:(.text.findLineLeft+0x0): multiple definition of `findLineLeft'
./bin/motorSubroutines.o:motorSubroutines.c:(.text.findLineLeft+0x0): first defined here
./bin/statedMotorSubroutines.o: In function `followLine':
statedMotorSubroutines.c:(.text.followLine+0x0): multiple definition of `followLine'
./bin/motorSubroutines.o:motorSubroutines.c:(.text.followLine+0x0): first defined here
collect2: error: ld returned 1 exit status
make: *** [bin/output.elf] Error 1

21:56:20 Build Finished (took 1s.886ms)

